-------------------------------------------------------------------------------
Test set: com.gem.crm.BaseTest
-------------------------------------------------------------------------------
Tests run: 1, Failures: 0, Errors: 1, Skipped: 0, Time elapsed: 0.71 s <<< FAILURE! - in com.gem.crm.BaseTest
initializationError(com.gem.crm.BaseTest)  Time elapsed: 0 s  <<< ERROR!
java.lang.Exception: No runnable methods

